<?xml version="1.0" encoding="UTF-8"?>
<!-- Generated by org.testng.reporters.JUnitReportReporter -->
<testsuite hostname="Nihar" failures="0" tests="1" name="orangeHRM.tests.LoginFunctionalityTest" time="11.876" errors="0" timestamp="2023-12-15T22:06:02 IST" skipped="0">
  <testcase classname="orangeHRM.tests.LoginFunctionalityTest" name="blankInputInBothFieldLoginTest" time="11.876"/>
</testsuite> <!-- orangeHRM.tests.LoginFunctionalityTest -->
